<?xml version="1.0" encoding="UTF-8"?>
<testng-results ignored="0" total="1" passed="1" failed="0" skipped="0">
  <reporter-output>
  </reporter-output>
  <suite started-at="2022-03-19T15:54:23 EDT" name="Default suite" finished-at="2022-03-19T15:54:33 EDT" duration-ms="9580">
    <groups>
    </groups>
    <test started-at="2022-03-19T15:54:23 EDT" name="Default test" finished-at="2022-03-19T15:54:33 EDT" duration-ms="9580">
      <class name="io.ueat.www.tests.ClientCreationTests">
        <test-method is-config="true" signature="readProperties()[pri:0, instance:io.ueat.www.tests.ClientCreationTests@54e1c68b]" started-at="2022-03-19T15:54:23 EDT" name="readProperties" finished-at="2022-03-19T15:54:23 EDT" duration-ms="7" status="PASS">
          <reporter-output>
          </reporter-output>
        </test-method> <!-- readProperties -->
        <test-method is-config="true" signature="openBrowser()[pri:0, instance:io.ueat.www.tests.ClientCreationTests@54e1c68b]" started-at="2022-03-19T15:54:23 EDT" name="openBrowser" finished-at="2022-03-19T15:54:27 EDT" duration-ms="3902" status="PASS">
          <reporter-output>
          </reporter-output>
        </test-method> <!-- openBrowser -->
        <test-method signature="createClient()[pri:0, instance:io.ueat.www.tests.ClientCreationTests@54e1c68b]" started-at="2022-03-19T15:54:27 EDT" name="createClient" finished-at="2022-03-19T15:54:33 EDT" duration-ms="5651" status="PASS">
          <reporter-output>
          </reporter-output>
        </test-method> <!-- createClient -->
      </class> <!-- io.ueat.www.tests.ClientCreationTests -->
    </test> <!-- Default test -->
  </suite> <!-- Default suite -->
</testng-results>
